[2016-08-16 14:38:13 #1723.0]	WARN	swProcessPool_wait: [Manager]unknow worker[pid=-1]
[2016-08-16 14:39:19 #1739.0]	WARN	swProcessPool_wait: [Manager]unknow worker[pid=-1]
[2016-08-16 14:42:12 #1771.0]	WARN	swProcessPool_wait: [Manager]unknow worker[pid=-1]
[2016-08-16 14:45:10 #1814.0]	WARN	swProcessPool_wait: [Manager]unknow worker[pid=-1]
[2016-08-16 14:55:56 #1879.0]	WARN	swProcessPool_wait: [Manager]unknow worker[pid=-1]
[2016-08-16 16:35:46 *4964.1]	WARN	swFactoryProcess_finish: send 35 byte failed, because session#1 is closed.
[2016-08-16 16:39:41 *4988.1]	WARN	swFactoryProcess_finish: send 35 byte failed, because session#1 is closed.
[2016-08-16 18:43:56 ^5442.8]	WARN	swFactoryProcess_finish: session#0 does not exist.
[2016-08-16 18:44:02 ^5442.9]	WARN	swFactoryProcess_finish: session#0 does not exist.
[2016-08-16 18:45:01 *5467.1]	WARN	zm_deactivate_swoole: worker process is terminated by exit()/die().
[2016-08-16 18:45:03 *5483.1]	WARN	zm_deactivate_swoole: worker process is terminated by exit()/die().
[2016-08-16 18:45:04 *5484.1]	WARN	zm_deactivate_swoole: worker process is terminated by exit()/die().
[2016-08-16 18:45:05 *5485.1]	WARN	zm_deactivate_swoole: worker process is terminated by exit()/die().
[2016-08-16 18:46:40 ^5492.8]	WARN	swFactoryProcess_finish: session#0 does not exist.
[2016-08-16 18:46:43 ^5492.9]	WARN	swFactoryProcess_finish: session#0 does not exist.
[2016-08-16 18:58:53 ^6185.8]	WARN	swFactoryProcess_finish: session#1 does not exist.
[2016-08-16 19:05:16 ^6213.8]	WARN	swFactoryProcess_finish: session#1 does not exist.
[2016-08-16 19:06:25 ^6235.8]	WARN	swFactoryProcess_finish: session#0 does not exist.
[2016-08-16 19:06:25 ^6235.10]	WARN	swFactoryProcess_finish: session#0 does not exist.
[2016-08-16 19:06:25 ^6235.13]	WARN	swFactoryProcess_finish: session#0 does not exist.
[2016-08-16 19:06:25 ^6235.15]	WARN	swFactoryProcess_finish: session#0 does not exist.
[2016-08-16 19:06:27 ^6235.8]	WARN	swFactoryProcess_finish: session#0 does not exist.
[2016-08-16 19:06:27 ^6235.10]	WARN	swFactoryProcess_finish: session#0 does not exist.
[2016-08-16 19:06:27 ^6235.14]	WARN	swFactoryProcess_finish: session#0 does not exist.
[2016-08-16 19:06:29 ^6235.10]	WARN	swFactoryProcess_finish: session#0 does not exist.
[2016-08-16 19:06:29 ^6235.8]	WARN	swFactoryProcess_finish: session#0 does not exist.
[2016-08-16 19:06:29 ^6235.12]	WARN	swFactoryProcess_finish: session#0 does not exist.
[2016-08-16 19:06:29 ^6235.14]	WARN	swFactoryProcess_finish: session#0 does not exist.
[2016-08-16 19:06:31 ^6235.13]	WARN	swFactoryProcess_finish: session#0 does not exist.
[2016-08-16 19:06:31 ^6235.9]	WARN	swFactoryProcess_finish: session#0 does not exist.
[2016-08-16 19:06:31 ^6235.8]	WARN	swFactoryProcess_finish: session#0 does not exist.
[2016-08-16 19:06:31 ^6235.15]	WARN	swFactoryProcess_finish: session#0 does not exist.
[2016-08-16 19:06:31 ^6235.14]	WARN	swFactoryProcess_finish: session#0 does not exist.
[2016-08-16 19:06:31 ^6235.12]	WARN	swFactoryProcess_finish: session#0 does not exist.
[2016-08-16 19:06:33 ^6235.10]	WARN	swFactoryProcess_finish: session#0 does not exist.
[2016-08-16 19:06:33 ^6235.11]	WARN	swFactoryProcess_finish: session#0 does not exist.
[2016-08-16 19:06:33 ^6235.13]	WARN	swFactoryProcess_finish: session#0 does not exist.
[2016-08-16 19:06:33 ^6235.9]	WARN	swFactoryProcess_finish: session#0 does not exist.
[2016-08-16 19:06:33 ^6235.8]	WARN	swFactoryProcess_finish: session#0 does not exist.
[2016-08-16 19:06:33 ^6235.14]	WARN	swFactoryProcess_finish: session#0 does not exist.
[2016-08-16 19:06:33 ^6235.15]	WARN	swFactoryProcess_finish: session#0 does not exist.
[2016-08-16 19:06:33 ^6235.12]	WARN	swFactoryProcess_finish: session#0 does not exist.
[2016-08-16 19:06:35 ^6235.10]	WARN	swFactoryProcess_finish: session#0 does not exist.
[2016-08-16 19:06:35 ^6235.9]	WARN	swFactoryProcess_finish: session#0 does not exist.
[2016-08-16 19:06:35 ^6235.13]	WARN	swFactoryProcess_finish: session#0 does not exist.
[2016-08-16 19:06:35 ^6235.11]	WARN	swFactoryProcess_finish: session#0 does not exist.
[2016-08-16 19:06:35 ^6235.14]	WARN	swFactoryProcess_finish: session#0 does not exist.
[2016-08-16 19:06:35 ^6235.8]	WARN	swFactoryProcess_finish: session#0 does not exist.
[2016-08-16 19:06:35 ^6235.15]	WARN	swFactoryProcess_finish: session#0 does not exist.
[2016-08-16 19:06:35 ^6235.12]	WARN	swFactoryProcess_finish: session#0 does not exist.
[2016-08-16 19:06:37 ^6235.10]	WARN	swFactoryProcess_finish: session#0 does not exist.
[2016-08-16 19:06:37 ^6235.9]	WARN	swFactoryProcess_finish: session#0 does not exist.
[2016-08-16 19:06:37 ^6235.13]	WARN	swFactoryProcess_finish: session#0 does not exist.
[2016-08-16 19:06:37 ^6235.11]	WARN	swFactoryProcess_finish: session#0 does not exist.
[2016-08-16 19:06:37 ^6235.14]	WARN	swFactoryProcess_finish: session#0 does not exist.
[2016-08-16 19:06:37 ^6235.8]	WARN	swFactoryProcess_finish: session#0 does not exist.
[2016-08-16 19:06:37 ^6235.15]	WARN	swFactoryProcess_finish: session#0 does not exist.
[2016-08-16 19:06:39 ^6235.13]	WARN	swFactoryProcess_finish: session#0 does not exist.
[2016-08-16 19:06:39 ^6235.11]	WARN	swFactoryProcess_finish: session#0 does not exist.
[2016-08-16 19:06:39 ^6235.15]	WARN	swFactoryProcess_finish: session#0 does not exist.
[2016-08-16 19:06:41 ^6235.10]	WARN	swFactoryProcess_finish: session#0 does not exist.
[2016-08-16 19:06:41 ^6235.9]	WARN	swFactoryProcess_finish: session#0 does not exist.
[2016-08-16 19:06:41 ^6235.12]	WARN	swFactoryProcess_finish: session#0 does not exist.
[2016-08-16 19:06:41 ^6235.14]	WARN	swFactoryProcess_finish: session#0 does not exist.
[2016-08-16 19:06:41 ^6235.8]	WARN	swFactoryProcess_finish: session#0 does not exist.
[2016-08-16 19:06:43 ^6235.13]	WARN	swFactoryProcess_finish: session#0 does not exist.
[2016-08-16 19:06:43 ^6235.11]	WARN	swFactoryProcess_finish: session#0 does not exist.
[2016-08-16 19:06:43 ^6235.12]	WARN	swFactoryProcess_finish: session#0 does not exist.
[2016-08-16 19:06:43 ^6235.8]	WARN	swFactoryProcess_finish: session#0 does not exist.
[2016-08-16 19:06:45 ^6235.10]	WARN	swFactoryProcess_finish: session#0 does not exist.
[2016-08-16 19:06:45 ^6235.14]	WARN	swFactoryProcess_finish: session#0 does not exist.
[2016-08-16 19:06:45 ^6235.12]	WARN	swFactoryProcess_finish: session#0 does not exist.
[2016-08-16 19:06:45 ^6235.11]	WARN	swFactoryProcess_finish: session#0 does not exist.
[2016-08-16 19:06:47 ^6235.15]	WARN	swFactoryProcess_finish: session#0 does not exist.
[2016-08-16 19:06:47 ^6235.10]	WARN	swFactoryProcess_finish: session#0 does not exist.
[2016-08-16 19:06:47 ^6235.13]	WARN	swFactoryProcess_finish: session#0 does not exist.
[2016-08-16 19:06:47 ^6235.12]	WARN	swFactoryProcess_finish: session#0 does not exist.
[2016-08-16 19:06:47 ^6235.11]	WARN	swFactoryProcess_finish: session#0 does not exist.
[2016-08-16 19:06:49 ^6235.15]	WARN	swFactoryProcess_finish: session#0 does not exist.
[2016-08-16 19:06:49 ^6235.9]	WARN	swFactoryProcess_finish: session#0 does not exist.
[2016-08-16 19:06:49 ^6235.14]	WARN	swFactoryProcess_finish: session#0 does not exist.
[2016-08-16 19:06:49 ^6235.10]	WARN	swFactoryProcess_finish: session#0 does not exist.
[2016-08-16 19:06:49 ^6235.12]	WARN	swFactoryProcess_finish: session#0 does not exist.
[2016-08-16 19:06:49 ^6235.11]	WARN	swFactoryProcess_finish: session#0 does not exist.
[2016-08-16 19:06:51 ^6235.15]	WARN	swFactoryProcess_finish: session#0 does not exist.
[2016-08-16 19:06:51 ^6235.14]	WARN	swFactoryProcess_finish: session#0 does not exist.
[2016-08-16 19:06:51 ^6235.12]	WARN	swFactoryProcess_finish: session#0 does not exist.
[2016-08-16 19:06:53 ^6235.9]	WARN	swFactoryProcess_finish: session#0 does not exist.
[2016-08-16 19:06:53 ^6235.10]	WARN	swFactoryProcess_finish: session#0 does not exist.
[2016-08-16 19:06:53 ^6235.8]	WARN	swFactoryProcess_finish: session#0 does not exist.
[2016-08-16 19:06:53 ^6235.11]	WARN	swFactoryProcess_finish: session#0 does not exist.
[2016-08-16 19:06:53 ^6235.15]	WARN	swFactoryProcess_finish: session#0 does not exist.
[2016-08-16 19:06:53 ^6235.14]	WARN	swFactoryProcess_finish: session#0 does not exist.
[2016-08-16 19:06:55 ^6235.9]	WARN	swFactoryProcess_finish: session#0 does not exist.
[2016-08-16 19:06:55 ^6235.13]	WARN	swFactoryProcess_finish: session#0 does not exist.
[2016-08-16 19:06:55 ^6235.8]	WARN	swFactoryProcess_finish: session#0 does not exist.
[2016-08-16 19:06:55 ^6235.11]	WARN	swFactoryProcess_finish: session#0 does not exist.
[2016-08-16 19:06:57 ^6235.11]	WARN	swFactoryProcess_finish: session#0 does not exist.
[2016-08-16 19:06:57 ^6235.14]	WARN	swFactoryProcess_finish: session#0 does not exist.
[2016-08-16 19:06:59 ^6235.9]	WARN	swFactoryProcess_finish: session#0 does not exist.
[2016-08-16 19:06:59 ^6235.10]	WARN	swFactoryProcess_finish: session#0 does not exist.
[2016-08-16 19:06:59 ^6235.8]	WARN	swFactoryProcess_finish: session#0 does not exist.
[2016-08-16 19:06:59 ^6235.12]	WARN	swFactoryProcess_finish: session#0 does not exist.
[2016-08-16 19:06:59 ^6235.15]	WARN	swFactoryProcess_finish: session#0 does not exist.
[2016-08-16 19:07:01 ^6235.13]	WARN	swFactoryProcess_finish: session#0 does not exist.
[2016-08-16 19:07:01 ^6235.11]	WARN	swFactoryProcess_finish: session#0 does not exist.
[2016-08-16 19:07:01 ^6235.9]	WARN	swFactoryProcess_finish: session#0 does not exist.
[2016-08-16 19:07:01 ^6235.15]	WARN	swFactoryProcess_finish: session#0 does not exist.
[2016-08-16 19:07:03 ^6235.14]	WARN	swFactoryProcess_finish: session#0 does not exist.
[2016-08-16 19:07:03 ^6235.8]	WARN	swFactoryProcess_finish: session#0 does not exist.
[2016-08-16 19:07:03 ^6235.12]	WARN	swFactoryProcess_finish: session#0 does not exist.
[2016-08-16 19:07:03 ^6235.15]	WARN	swFactoryProcess_finish: session#0 does not exist.
[2016-08-16 19:07:05 ^6235.13]	WARN	swFactoryProcess_finish: session#0 does not exist.
[2016-08-16 19:07:05 ^6235.14]	WARN	swFactoryProcess_finish: session#0 does not exist.
[2016-08-16 19:07:05 ^6235.10]	WARN	swFactoryProcess_finish: session#0 does not exist.
[2016-08-16 19:07:05 ^6235.8]	WARN	swFactoryProcess_finish: session#0 does not exist.
[2016-08-16 19:07:05 ^6235.12]	WARN	swFactoryProcess_finish: session#0 does not exist.
[2016-08-16 19:07:05 ^6235.15]	WARN	swFactoryProcess_finish: session#0 does not exist.
[2016-08-16 19:07:07 ^6235.11]	WARN	swFactoryProcess_finish: session#0 does not exist.
[2016-08-16 19:07:07 ^6235.13]	WARN	swFactoryProcess_finish: session#0 does not exist.
[2016-08-16 19:07:07 ^6235.8]	WARN	swFactoryProcess_finish: session#0 does not exist.
[2016-08-16 19:07:09 ^6235.11]	WARN	swFactoryProcess_finish: session#0 does not exist.
[2016-08-16 19:07:09 ^6235.13]	WARN	swFactoryProcess_finish: session#0 does not exist.
[2016-08-16 19:07:09 ^6235.8]	WARN	swFactoryProcess_finish: session#0 does not exist.
[2016-08-16 19:07:11 ^6235.11]	WARN	swFactoryProcess_finish: session#0 does not exist.
[2016-08-16 19:07:11 ^6235.13]	WARN	swFactoryProcess_finish: session#0 does not exist.
[2016-08-16 19:07:11 ^6235.14]	WARN	swFactoryProcess_finish: session#0 does not exist.
[2016-08-16 19:07:11 ^6235.9]	WARN	swFactoryProcess_finish: session#0 does not exist.
[2016-08-16 19:07:11 ^6235.8]	WARN	swFactoryProcess_finish: session#0 does not exist.
[2016-08-16 19:07:13 ^6235.13]	WARN	swFactoryProcess_finish: session#0 does not exist.
[2016-08-16 19:07:13 ^6235.10]	WARN	swFactoryProcess_finish: session#0 does not exist.
[2016-08-16 19:07:13 ^6235.8]	WARN	swFactoryProcess_finish: session#0 does not exist.
[2016-08-16 19:07:15 ^6235.11]	WARN	swFactoryProcess_finish: session#0 does not exist.
[2016-08-16 19:07:15 ^6235.14]	WARN	swFactoryProcess_finish: session#0 does not exist.
[2016-08-16 19:07:15 ^6235.10]	WARN	swFactoryProcess_finish: session#0 does not exist.
[2016-08-16 19:07:15 ^6235.8]	WARN	swFactoryProcess_finish: session#0 does not exist.
[2016-08-16 19:07:17 ^6235.13]	WARN	swFactoryProcess_finish: session#0 does not exist.
[2016-08-16 19:07:17 ^6235.14]	WARN	swFactoryProcess_finish: session#0 does not exist.
[2016-08-16 19:07:17 ^6235.9]	WARN	swFactoryProcess_finish: session#0 does not exist.
[2016-08-16 19:07:17 ^6235.10]	WARN	swFactoryProcess_finish: session#0 does not exist.
[2016-08-16 19:07:17 ^6235.8]	WARN	swFactoryProcess_finish: session#0 does not exist.
[2016-08-16 19:07:29 ^7375.8]	WARN	swFactoryProcess_finish: session#1 does not exist.
[2016-08-16 19:08:38 ^7397.8]	WARN	swFactoryProcess_finish: session#0 does not exist.
[2016-08-16 19:08:38 ^7397.10]	WARN	swFactoryProcess_finish: session#0 does not exist.
[2016-08-16 19:08:38 ^7397.12]	WARN	swFactoryProcess_finish: session#0 does not exist.
[2016-08-16 19:08:40 ^7397.8]	WARN	swFactoryProcess_finish: session#0 does not exist.
[2016-08-16 19:08:40 ^7397.9]	WARN	swFactoryProcess_finish: session#0 does not exist.
[2016-08-16 19:08:40 ^7397.14]	WARN	swFactoryProcess_finish: session#0 does not exist.
[2016-08-16 19:08:42 ^7397.8]	WARN	swFactoryProcess_finish: session#0 does not exist.
[2016-08-16 19:08:42 ^7397.9]	WARN	swFactoryProcess_finish: session#0 does not exist.
[2016-08-16 19:08:42 ^7397.11]	WARN	swFactoryProcess_finish: session#0 does not exist.
[2016-08-16 19:08:42 ^7397.14]	WARN	swFactoryProcess_finish: session#0 does not exist.
[2016-08-16 19:08:44 ^7397.8]	WARN	swFactoryProcess_finish: session#0 does not exist.
[2016-08-16 19:08:44 ^7397.10]	WARN	swFactoryProcess_finish: session#0 does not exist.
[2016-08-16 19:08:44 ^7397.9]	WARN	swFactoryProcess_finish: session#0 does not exist.
[2016-08-16 19:08:44 ^7397.11]	WARN	swFactoryProcess_finish: session#0 does not exist.
[2016-08-16 19:08:44 ^7397.14]	WARN	swFactoryProcess_finish: session#0 does not exist.
[2016-08-16 19:08:46 ^7397.10]	WARN	swFactoryProcess_finish: session#0 does not exist.
[2016-08-16 19:08:46 ^7397.9]	WARN	swFactoryProcess_finish: session#0 does not exist.
[2016-08-16 19:08:46 ^7397.15]	WARN	swFactoryProcess_finish: session#0 does not exist.
[2016-08-16 19:08:46 ^7397.11]	WARN	swFactoryProcess_finish: session#0 does not exist.
[2016-08-16 19:08:46 ^7397.12]	WARN	swFactoryProcess_finish: session#0 does not exist.
[2016-08-16 19:08:46 ^7397.14]	WARN	swFactoryProcess_finish: session#0 does not exist.
[2016-08-16 19:08:48 ^7397.9]	WARN	swFactoryProcess_finish: session#0 does not exist.
[2016-08-16 19:08:48 ^7397.8]	WARN	swFactoryProcess_finish: session#0 does not exist.
[2016-08-16 19:08:48 ^7397.15]	WARN	swFactoryProcess_finish: session#0 does not exist.
[2016-08-16 19:08:48 ^7397.11]	WARN	swFactoryProcess_finish: session#0 does not exist.
[2016-08-16 19:08:48 ^7397.13]	WARN	swFactoryProcess_finish: session#0 does not exist.
[2016-08-16 19:08:48 ^7397.12]	WARN	swFactoryProcess_finish: session#0 does not exist.
[2016-08-16 19:08:48 ^7397.14]	WARN	swFactoryProcess_finish: session#0 does not exist.
[2016-08-16 19:08:50 ^7397.10]	WARN	swFactoryProcess_finish: session#0 does not exist.
[2016-08-16 19:08:50 ^7397.8]	WARN	swFactoryProcess_finish: session#0 does not exist.
[2016-08-16 19:08:50 ^7397.11]	WARN	swFactoryProcess_finish: session#0 does not exist.
[2016-08-16 19:08:50 ^7397.13]	WARN	swFactoryProcess_finish: session#0 does not exist.
[2016-08-16 19:08:50 ^7397.14]	WARN	swFactoryProcess_finish: session#0 does not exist.
[2016-08-16 19:08:52 ^7397.9]	WARN	swFactoryProcess_finish: session#0 does not exist.
[2016-08-16 19:08:52 ^7397.8]	WARN	swFactoryProcess_finish: session#0 does not exist.
[2016-08-16 19:08:52 ^7397.15]	WARN	swFactoryProcess_finish: session#0 does not exist.
[2016-08-16 19:08:52 ^7397.12]	WARN	swFactoryProcess_finish: session#0 does not exist.
[2016-08-16 19:08:54 ^7397.9]	WARN	swFactoryProcess_finish: session#0 does not exist.
[2016-08-16 19:08:54 ^7397.11]	WARN	swFactoryProcess_finish: session#0 does not exist.
[2016-08-16 19:08:54 ^7397.8]	WARN	swFactoryProcess_finish: session#0 does not exist.
[2016-08-16 19:08:54 ^7397.13]	WARN	swFactoryProcess_finish: session#0 does not exist.
[2016-08-16 19:08:54 ^7397.14]	WARN	swFactoryProcess_finish: session#0 does not exist.
[2016-08-16 19:08:56 ^7397.10]	WARN	swFactoryProcess_finish: session#0 does not exist.
[2016-08-16 19:08:56 ^7397.9]	WARN	swFactoryProcess_finish: session#0 does not exist.
[2016-08-16 19:08:56 ^7397.15]	WARN	swFactoryProcess_finish: session#0 does not exist.
[2016-08-16 19:08:56 ^7397.13]	WARN	swFactoryProcess_finish: session#0 does not exist.
[2016-08-16 19:08:56 ^7397.12]	WARN	swFactoryProcess_finish: session#0 does not exist.
[2016-08-16 19:08:56 ^7397.14]	WARN	swFactoryProcess_finish: session#0 does not exist.
[2016-08-16 19:08:58 ^7397.9]	WARN	swFactoryProcess_finish: session#0 does not exist.
[2016-08-16 19:08:58 ^7397.11]	WARN	swFactoryProcess_finish: session#0 does not exist.
[2016-08-16 19:08:58 ^7397.15]	WARN	swFactoryProcess_finish: session#0 does not exist.
[2016-08-16 19:08:58 ^7397.12]	WARN	swFactoryProcess_finish: session#0 does not exist.
[2016-08-16 19:08:58 ^7397.14]	WARN	swFactoryProcess_finish: session#0 does not exist.
[2016-08-16 19:09:00 ^7397.8]	WARN	swFactoryProcess_finish: session#0 does not exist.
[2016-08-16 19:09:00 ^7397.13]	WARN	swFactoryProcess_finish: session#0 does not exist.
[2016-08-16 19:09:00 ^7397.14]	WARN	swFactoryProcess_finish: session#0 does not exist.
[2016-08-16 19:09:02 ^7397.9]	WARN	swFactoryProcess_finish: session#0 does not exist.
[2016-08-16 19:09:02 ^7397.13]	WARN	swFactoryProcess_finish: session#0 does not exist.
[2016-08-16 19:09:02 ^7397.14]	WARN	swFactoryProcess_finish: session#0 does not exist.
[2016-08-16 19:09:04 ^7397.9]	WARN	swFactoryProcess_finish: session#0 does not exist.
[2016-08-16 19:09:04 ^7397.11]	WARN	swFactoryProcess_finish: session#0 does not exist.
[2016-08-16 19:09:04 ^7397.8]	WARN	swFactoryProcess_finish: session#0 does not exist.
[2016-08-16 19:09:04 ^7397.14]	WARN	swFactoryProcess_finish: session#0 does not exist.
[2016-08-16 19:09:06 ^7397.14]	WARN	swFactoryProcess_finish: session#0 does not exist.
[2016-08-16 19:09:06 ^7397.12]	WARN	swFactoryProcess_finish: session#0 does not exist.
[2016-08-16 19:09:08 ^7397.10]	WARN	swFactoryProcess_finish: session#0 does not exist.
[2016-08-16 19:09:08 ^7397.9]	WARN	swFactoryProcess_finish: session#0 does not exist.
[2016-08-16 19:09:08 ^7397.11]	WARN	swFactoryProcess_finish: session#0 does not exist.
[2016-08-16 19:09:08 ^7397.14]	WARN	swFactoryProcess_finish: session#0 does not exist.
[2016-08-16 19:09:10 ^7397.11]	WARN	swFactoryProcess_finish: session#0 does not exist.
[2016-08-16 19:09:12 ^7397.13]	WARN	swFactoryProcess_finish: session#0 does not exist.
[2016-08-16 19:09:12 ^7397.11]	WARN	swFactoryProcess_finish: session#0 does not exist.
[2016-08-16 19:09:12 ^7397.12]	WARN	swFactoryProcess_finish: session#0 does not exist.
[2016-08-16 19:09:12 ^7397.14]	WARN	swFactoryProcess_finish: session#0 does not exist.
[2016-08-16 19:09:14 ^7397.8]	WARN	swFactoryProcess_finish: session#0 does not exist.
[2016-08-16 19:09:14 ^7397.14]	WARN	swFactoryProcess_finish: session#0 does not exist.
[2016-08-16 19:09:16 ^7397.10]	WARN	swFactoryProcess_finish: session#0 does not exist.
[2016-08-16 19:09:16 ^7397.12]	WARN	swFactoryProcess_finish: session#0 does not exist.
[2016-08-16 19:09:18 ^7397.10]	WARN	swFactoryProcess_finish: session#0 does not exist.
[2016-08-16 19:09:18 ^7397.15]	WARN	swFactoryProcess_finish: session#0 does not exist.
[2016-08-16 19:09:18 ^7397.11]	WARN	swFactoryProcess_finish: session#0 does not exist.
[2016-08-16 19:09:18 ^7397.12]	WARN	swFactoryProcess_finish: session#0 does not exist.
[2016-08-16 19:09:18 ^7397.8]	WARN	swFactoryProcess_finish: session#0 does not exist.
[2016-08-16 19:09:20 ^7397.9]	WARN	swFactoryProcess_finish: session#0 does not exist.
[2016-08-16 19:09:20 ^7397.13]	WARN	swFactoryProcess_finish: session#0 does not exist.
[2016-08-16 19:09:20 ^7397.12]	WARN	swFactoryProcess_finish: session#0 does not exist.
[2016-08-16 19:09:20 ^7397.8]	WARN	swFactoryProcess_finish: session#0 does not exist.
[2016-08-16 19:09:20 ^7397.14]	WARN	swFactoryProcess_finish: session#0 does not exist.
[2016-08-16 19:09:22 ^7397.15]	WARN	swFactoryProcess_finish: session#0 does not exist.
[2016-08-16 19:09:22 ^7397.11]	WARN	swFactoryProcess_finish: session#0 does not exist.
[2016-08-16 19:09:22 ^7397.9]	WARN	swFactoryProcess_finish: session#0 does not exist.
[2016-08-16 19:09:22 ^7397.13]	WARN	swFactoryProcess_finish: session#0 does not exist.
[2016-08-16 19:09:22 ^7397.14]	WARN	swFactoryProcess_finish: session#0 does not exist.
[2016-08-16 19:09:24 ^7397.10]	WARN	swFactoryProcess_finish: send 35 byte failed, because session#1 is closed.
[2016-08-16 19:09:24 ^7397.15]	WARN	swFactoryProcess_finish: send 35 byte failed, because session#1 is closed.
[2016-08-16 19:09:24 ^7397.11]	WARN	swFactoryProcess_finish: send 35 byte failed, because session#1 is closed.
[2016-08-16 19:09:24 ^7397.9]	WARN	swFactoryProcess_finish: session#0 does not exist.
[2016-08-16 19:09:24 ^7397.13]	WARN	swFactoryProcess_finish: send 35 byte failed, because session#1 is closed.
[2016-08-16 19:09:24 ^7397.12]	WARN	swFactoryProcess_finish: session#0 does not exist.
[2016-08-16 19:09:24 ^7397.8]	WARN	swFactoryProcess_finish: send 35 byte failed, because session#1 is closed.
[2016-08-16 19:09:24 ^7397.14]	WARN	swFactoryProcess_finish: session#0 does not exist.
[2016-08-16 19:10:31 ^8482.8]	WARN	swFactoryProcess_finish: session#0 does not exist.
[2016-08-16 19:10:36 ^8482.9]	WARN	swFactoryProcess_finish: session#0 does not exist.
[2016-08-16 19:34:41 ^8618.8]	WARN	swFactoryProcess_finish: session#0 does not exist.
[2016-08-16 19:34:41 ^8618.9]	WARN	swFactoryProcess_finish: session#0 does not exist.
[2016-08-16 19:34:41 ^8618.10]	WARN	swFactoryProcess_finish: session#0 does not exist.
[2016-08-16 19:34:41 ^8618.13]	WARN	swFactoryProcess_finish: session#0 does not exist.
[2016-08-16 19:34:41 ^8618.15]	WARN	swFactoryProcess_finish: session#0 does not exist.
[2016-08-16 19:34:43 ^8618.11]	WARN	swFactoryProcess_finish: session#0 does not exist.
[2016-08-16 19:34:44 ^8618.13]	WARN	swFactoryProcess_finish: session#0 does not exist.
[2016-08-16 19:34:44 ^8618.14]	WARN	swFactoryProcess_finish: session#0 does not exist.
[2016-08-16 19:34:45 ^8618.10]	WARN	swFactoryProcess_finish: session#0 does not exist.
[2016-08-16 19:34:45 ^8618.9]	WARN	swFactoryProcess_finish: session#0 does not exist.
[2016-08-16 19:34:45 ^8618.8]	WARN	swFactoryProcess_finish: session#0 does not exist.
[2016-08-16 19:34:45 ^8618.15]	WARN	swFactoryProcess_finish: session#0 does not exist.
[2016-08-16 19:34:45 ^8618.12]	WARN	swFactoryProcess_finish: session#0 does not exist.
[2016-08-16 19:34:46 ^8618.11]	WARN	swFactoryProcess_finish: session#0 does not exist.
[2016-08-16 19:34:46 ^8618.13]	WARN	swFactoryProcess_finish: session#0 does not exist.
[2016-08-16 19:34:46 ^8618.14]	WARN	swFactoryProcess_finish: session#0 does not exist.
[2016-08-16 19:34:47 ^8618.10]	WARN	swFactoryProcess_finish: session#0 does not exist.
[2016-08-16 19:34:47 ^8618.9]	WARN	swFactoryProcess_finish: session#0 does not exist.
[2016-08-16 19:34:47 ^8618.8]	WARN	swFactoryProcess_finish: session#0 does not exist.
[2016-08-16 19:34:47 ^8618.15]	WARN	swFactoryProcess_finish: session#0 does not exist.
[2016-08-16 19:34:47 ^8618.12]	WARN	swFactoryProcess_finish: session#0 does not exist.
[2016-08-16 19:34:48 ^8618.11]	WARN	swFactoryProcess_finish: session#0 does not exist.
[2016-08-16 19:34:48 ^8618.13]	WARN	swFactoryProcess_finish: session#0 does not exist.
[2016-08-16 19:34:48 ^8618.14]	WARN	swFactoryProcess_finish: session#0 does not exist.
[2016-08-16 19:34:49 ^8618.8]	WARN	swFactoryProcess_finish: session#0 does not exist.
[2016-08-16 19:34:50 ^8618.11]	WARN	swFactoryProcess_finish: session#0 does not exist.
[2016-08-16 19:34:50 ^8618.14]	WARN	swFactoryProcess_finish: session#0 does not exist.
[2016-08-16 19:34:50 ^8618.13]	WARN	swFactoryProcess_finish: session#0 does not exist.
[2016-08-16 19:34:51 ^8618.9]	WARN	swFactoryProcess_finish: session#0 does not exist.
[2016-08-16 19:34:51 ^8618.10]	WARN	swFactoryProcess_finish: session#0 does not exist.
[2016-08-16 19:34:52 ^8618.15]	WARN	swFactoryProcess_finish: session#0 does not exist.
[2016-08-16 19:34:52 ^8618.11]	WARN	swFactoryProcess_finish: session#0 does not exist.
[2016-08-16 19:34:52 ^8618.13]	WARN	swFactoryProcess_finish: session#0 does not exist.
[2016-08-16 19:34:53 ^8618.9]	WARN	swFactoryProcess_finish: session#0 does not exist.
[2016-08-16 19:34:53 ^8618.8]	WARN	swFactoryProcess_finish: session#0 does not exist.
[2016-08-16 19:34:54 ^8618.15]	WARN	swFactoryProcess_finish: session#0 does not exist.
[2016-08-16 19:34:54 ^8618.11]	WARN	swFactoryProcess_finish: session#0 does not exist.
[2016-08-16 19:34:54 ^8618.13]	WARN	swFactoryProcess_finish: session#0 does not exist.
[2016-08-16 19:34:56 ^8618.15]	WARN	swFactoryProcess_finish: session#0 does not exist.
[2016-08-16 19:34:56 ^8618.11]	WARN	swFactoryProcess_finish: session#0 does not exist.
[2016-08-16 19:34:58 ^8618.8]	WARN	swFactoryProcess_finish: session#0 does not exist.
[2016-08-16 19:34:58 ^8618.10]	WARN	swFactoryProcess_finish: session#0 does not exist.
[2016-08-16 19:34:58 ^8618.11]	WARN	swFactoryProcess_finish: session#0 does not exist.
[2016-08-16 19:34:58 ^8618.14]	WARN	swFactoryProcess_finish: session#0 does not exist.
[2016-08-16 19:35:00 ^8618.8]	WARN	swFactoryProcess_finish: session#0 does not exist.
[2016-08-16 19:35:00 ^8618.10]	WARN	swFactoryProcess_finish: session#0 does not exist.
[2016-08-16 19:35:00 ^8618.11]	WARN	swFactoryProcess_finish: session#0 does not exist.
[2016-08-16 19:35:00 ^8618.13]	WARN	swFactoryProcess_finish: session#0 does not exist.
[2016-08-16 19:35:02 ^8618.8]	WARN	swFactoryProcess_finish: session#0 does not exist.
[2016-08-16 19:35:02 ^8618.10]	WARN	swFactoryProcess_finish: session#0 does not exist.
[2016-08-16 19:35:02 ^8618.12]	WARN	swFactoryProcess_finish: session#0 does not exist.
[2016-08-16 19:35:02 ^8618.15]	WARN	swFactoryProcess_finish: session#0 does not exist.
[2016-08-16 19:35:02 ^8618.11]	WARN	swFactoryProcess_finish: session#0 does not exist.
[2016-08-16 19:35:02 ^8618.13]	WARN	swFactoryProcess_finish: session#0 does not exist.
[2016-08-16 19:35:04 ^8618.10]	WARN	swFactoryProcess_finish: session#0 does not exist.
[2016-08-16 19:35:04 ^8618.12]	WARN	swFactoryProcess_finish: session#0 does not exist.
[2016-08-16 19:35:04 ^8618.15]	WARN	swFactoryProcess_finish: session#0 does not exist.
[2016-08-16 19:35:04 ^8618.11]	WARN	swFactoryProcess_finish: session#0 does not exist.
[2016-08-16 19:35:04 ^8618.13]	WARN	swFactoryProcess_finish: session#0 does not exist.
[2016-08-16 19:35:06 ^8618.9]	WARN	swFactoryProcess_finish: session#0 does not exist.
[2016-08-16 19:35:06 ^8618.10]	WARN	swFactoryProcess_finish: session#0 does not exist.
[2016-08-16 19:35:06 ^8618.12]	WARN	swFactoryProcess_finish: session#0 does not exist.
[2016-08-16 19:35:06 ^8618.14]	WARN	swFactoryProcess_finish: session#0 does not exist.
[2016-08-16 19:35:08 ^8618.8]	WARN	swFactoryProcess_finish: session#0 does not exist.
[2016-08-16 19:35:08 ^8618.10]	WARN	swFactoryProcess_finish: session#0 does not exist.
[2016-08-16 19:35:08 ^8618.11]	WARN	swFactoryProcess_finish: session#0 does not exist.
[2016-08-16 19:35:08 ^8618.13]	WARN	swFactoryProcess_finish: session#0 does not exist.
[2016-08-16 19:35:10 ^8618.9]	WARN	swFactoryProcess_finish: session#0 does not exist.
[2016-08-16 19:35:10 ^8618.8]	WARN	swFactoryProcess_finish: session#0 does not exist.
[2016-08-16 19:35:10 ^8618.10]	WARN	swFactoryProcess_finish: session#0 does not exist.
[2016-08-16 19:35:10 ^8618.15]	WARN	swFactoryProcess_finish: session#0 does not exist.
[2016-08-16 19:35:10 ^8618.12]	WARN	swFactoryProcess_finish: session#0 does not exist.
[2016-08-16 19:35:10 ^8618.13]	WARN	swFactoryProcess_finish: session#0 does not exist.
[2016-08-16 19:35:12 ^8618.8]	WARN	swFactoryProcess_finish: session#0 does not exist.
[2016-08-16 19:35:12 ^8618.12]	WARN	swFactoryProcess_finish: session#0 does not exist.
[2016-08-16 19:35:12 ^8618.15]	WARN	swFactoryProcess_finish: session#0 does not exist.
[2016-08-16 19:35:12 ^8618.11]	WARN	swFactoryProcess_finish: session#0 does not exist.
[2016-08-16 19:35:12 ^8618.14]	WARN	swFactoryProcess_finish: session#0 does not exist.
[2016-08-16 19:35:14 ^8618.9]	WARN	swFactoryProcess_finish: session#0 does not exist.
[2016-08-16 19:35:14 ^8618.15]	WARN	swFactoryProcess_finish: session#0 does not exist.
[2016-08-16 19:35:14 ^8618.11]	WARN	swFactoryProcess_finish: session#0 does not exist.
[2016-08-16 19:35:14 ^8618.13]	WARN	swFactoryProcess_finish: session#0 does not exist.
[2016-08-16 19:35:16 ^8618.10]	WARN	swFactoryProcess_finish: session#0 does not exist.
[2016-08-16 19:35:16 ^8618.9]	WARN	swFactoryProcess_finish: session#0 does not exist.
[2016-08-16 19:35:16 ^8618.15]	WARN	swFactoryProcess_finish: session#0 does not exist.
[2016-08-16 19:35:16 ^8618.14]	WARN	swFactoryProcess_finish: session#0 does not exist.
[2016-08-16 19:35:18 ^8618.9]	WARN	swFactoryProcess_finish: session#0 does not exist.
[2016-08-16 19:35:18 ^8618.12]	WARN	swFactoryProcess_finish: session#0 does not exist.
[2016-08-16 19:35:18 ^8618.15]	WARN	swFactoryProcess_finish: session#0 does not exist.
[2016-08-16 19:35:18 ^8618.11]	WARN	swFactoryProcess_finish: session#0 does not exist.
[2016-08-16 19:35:18 ^8618.13]	WARN	swFactoryProcess_finish: session#0 does not exist.
[2016-08-16 19:35:20 ^8618.10]	WARN	swFactoryProcess_finish: session#0 does not exist.
[2016-08-16 19:35:20 ^8618.9]	WARN	swFactoryProcess_finish: session#0 does not exist.
[2016-08-16 19:35:20 ^8618.12]	WARN	swFactoryProcess_finish: session#0 does not exist.
[2016-08-16 19:35:20 ^8618.14]	WARN	swFactoryProcess_finish: session#0 does not exist.
[2016-08-16 19:35:20 ^8618.13]	WARN	swFactoryProcess_finish: session#0 does not exist.
[2016-08-16 19:35:22 ^8618.8]	WARN	swFactoryProcess_finish: session#0 does not exist.
[2016-08-16 19:35:22 ^8618.10]	WARN	swFactoryProcess_finish: session#0 does not exist.
[2016-08-16 19:35:22 ^8618.15]	WARN	swFactoryProcess_finish: session#0 does not exist.
[2016-08-16 19:35:22 ^8618.11]	WARN	swFactoryProcess_finish: session#0 does not exist.
[2016-08-16 19:35:22 ^8618.14]	WARN	swFactoryProcess_finish: session#0 does not exist.
[2016-08-16 19:35:24 ^8618.10]	WARN	swFactoryProcess_finish: session#0 does not exist.
[2016-08-16 19:35:24 ^8618.12]	WARN	swFactoryProcess_finish: session#0 does not exist.
[2016-08-16 19:35:24 ^8618.15]	WARN	swFactoryProcess_finish: session#0 does not exist.
[2016-08-16 19:35:24 ^8618.13]	WARN	swFactoryProcess_finish: session#0 does not exist.
[2016-08-16 19:35:26 ^8618.10]	WARN	swFactoryProcess_finish: session#0 does not exist.
[2016-08-16 19:35:26 ^8618.9]	WARN	swFactoryProcess_finish: session#0 does not exist.
[2016-08-16 19:35:26 ^8618.12]	WARN	swFactoryProcess_finish: session#0 does not exist.
[2016-08-16 19:35:26 ^8618.15]	WARN	swFactoryProcess_finish: session#0 does not exist.
[2016-08-16 19:35:26 ^8618.11]	WARN	swFactoryProcess_finish: session#0 does not exist.
[2016-08-16 19:35:26 ^8618.14]	WARN	swFactoryProcess_finish: session#0 does not exist.
[2016-08-16 19:35:28 ^8618.11]	WARN	swFactoryProcess_finish: session#0 does not exist.
[2016-08-16 19:35:28 ^8618.14]	WARN	swFactoryProcess_finish: session#0 does not exist.
[2016-08-16 19:35:30 ^8618.10]	WARN	swFactoryProcess_finish: session#0 does not exist.
[2016-08-16 19:35:30 ^8618.9]	WARN	swFactoryProcess_finish: session#0 does not exist.
[2016-08-16 19:35:30 ^8618.11]	WARN	swFactoryProcess_finish: session#0 does not exist.
[2016-08-16 19:35:30 ^8618.13]	WARN	swFactoryProcess_finish: session#0 does not exist.
[2016-08-16 19:35:32 ^8618.10]	WARN	swFactoryProcess_finish: session#0 does not exist.
[2016-08-16 19:35:32 ^8618.8]	WARN	swFactoryProcess_finish: session#0 does not exist.
[2016-08-16 19:35:32 ^8618.9]	WARN	swFactoryProcess_finish: session#0 does not exist.
[2016-08-16 19:35:32 ^8618.15]	WARN	swFactoryProcess_finish: session#0 does not exist.
[2016-08-16 19:35:32 ^8618.11]	WARN	swFactoryProcess_finish: session#0 does not exist.
[2016-08-16 19:35:32 ^8618.13]	WARN	swFactoryProcess_finish: session#0 does not exist.
[2016-08-16 19:35:34 ^8618.8]	WARN	swFactoryProcess_finish: session#0 does not exist.
[2016-08-16 19:35:34 ^8618.9]	WARN	swFactoryProcess_finish: session#0 does not exist.
[2016-08-16 19:35:34 ^8618.11]	WARN	swFactoryProcess_finish: session#0 does not exist.
[2016-08-16 19:35:34 ^8618.13]	WARN	swFactoryProcess_finish: session#0 does not exist.
[2016-08-16 19:35:36 ^8618.8]	WARN	swFactoryProcess_finish: session#0 does not exist.
[2016-08-16 19:35:36 ^8618.12]	WARN	swFactoryProcess_finish: session#0 does not exist.
[2016-08-16 19:35:36 ^8618.11]	WARN	swFactoryProcess_finish: session#0 does not exist.
[2016-08-16 19:35:36 ^8618.14]	WARN	swFactoryProcess_finish: session#0 does not exist.
[2016-08-16 19:35:38 ^8618.10]	WARN	swFactoryProcess_finish: session#0 does not exist.
[2016-08-16 19:35:38 ^8618.8]	WARN	swFactoryProcess_finish: session#0 does not exist.
[2016-08-16 19:35:38 ^8618.12]	WARN	swFactoryProcess_finish: session#0 does not exist.
[2016-08-16 19:35:38 ^8618.13]	WARN	swFactoryProcess_finish: session#0 does not exist.
[2016-08-16 19:35:40 ^8618.8]	WARN	swFactoryProcess_finish: session#0 does not exist.
[2016-08-16 19:35:40 ^8618.15]	WARN	swFactoryProcess_finish: session#0 does not exist.
[2016-08-16 19:35:40 ^8618.9]	WARN	swFactoryProcess_finish: session#0 does not exist.
[2016-08-16 19:35:40 ^8618.12]	WARN	swFactoryProcess_finish: session#0 does not exist.
[2016-08-16 19:35:40 ^8618.11]	WARN	swFactoryProcess_finish: session#0 does not exist.
[2016-08-16 19:35:40 ^8618.14]	WARN	swFactoryProcess_finish: session#0 does not exist.
[2016-08-16 19:35:42 ^8618.10]	WARN	swFactoryProcess_finish: session#0 does not exist.
[2016-08-16 19:35:42 ^8618.15]	WARN	swFactoryProcess_finish: session#0 does not exist.
[2016-08-16 19:35:42 ^8618.12]	WARN	swFactoryProcess_finish: session#0 does not exist.
[2016-08-16 19:35:42 ^8618.13]	WARN	swFactoryProcess_finish: session#0 does not exist.
[2016-08-16 19:35:42 ^8618.14]	WARN	swFactoryProcess_finish: session#0 does not exist.
[2016-08-16 19:35:44 ^8618.15]	WARN	swFactoryProcess_finish: session#0 does not exist.
[2016-08-16 19:35:44 ^8618.11]	WARN	swFactoryProcess_finish: session#0 does not exist.
[2016-08-16 19:35:44 ^8618.13]	WARN	swFactoryProcess_finish: session#0 does not exist.
[2016-08-16 19:35:46 ^8618.10]	WARN	swFactoryProcess_finish: session#0 does not exist.
[2016-08-16 19:35:46 ^8618.9]	WARN	swFactoryProcess_finish: session#0 does not exist.
[2016-08-16 19:35:46 ^8618.12]	WARN	swFactoryProcess_finish: session#0 does not exist.
[2016-08-16 19:35:46 ^8618.14]	WARN	swFactoryProcess_finish: session#0 does not exist.
[2016-08-16 19:35:48 ^8618.10]	WARN	swFactoryProcess_finish: session#0 does not exist.
[2016-08-16 19:35:48 ^8618.15]	WARN	swFactoryProcess_finish: session#0 does not exist.
[2016-08-16 19:35:48 ^8618.9]	WARN	swFactoryProcess_finish: session#0 does not exist.
[2016-08-16 19:35:48 ^8618.12]	WARN	swFactoryProcess_finish: session#0 does not exist.
[2016-08-16 19:35:48 ^8618.11]	WARN	swFactoryProcess_finish: session#0 does not exist.
[2016-08-16 19:35:48 ^8618.14]	WARN	swFactoryProcess_finish: session#0 does not exist.
[2016-08-16 19:35:50 ^8618.15]	WARN	swFactoryProcess_finish: session#0 does not exist.
[2016-08-16 19:35:50 ^8618.9]	WARN	swFactoryProcess_finish: session#0 does not exist.
[2016-08-16 19:35:50 ^8618.11]	WARN	swFactoryProcess_finish: session#0 does not exist.
[2016-08-16 19:35:52 ^8618.10]	WARN	swFactoryProcess_finish: session#0 does not exist.
[2016-08-16 19:35:52 ^8618.12]	WARN	swFactoryProcess_finish: session#0 does not exist.
[2016-08-16 19:35:52 ^8618.15]	WARN	swFactoryProcess_finish: session#0 does not exist.
[2016-08-16 19:35:52 ^8618.14]	WARN	swFactoryProcess_finish: session#0 does not exist.
[2016-08-16 19:35:54 ^8618.8]	WARN	swFactoryProcess_finish: session#0 does not exist.
[2016-08-16 19:35:54 ^8618.15]	WARN	swFactoryProcess_finish: session#0 does not exist.
[2016-08-16 19:35:54 ^8618.14]	WARN	swFactoryProcess_finish: session#0 does not exist.
[2016-08-16 19:35:54 ^8618.11]	WARN	swFactoryProcess_finish: session#0 does not exist.
[2016-08-16 19:35:54 ^8618.13]	WARN	swFactoryProcess_finish: session#0 does not exist.
[2016-08-16 19:35:56 ^8618.8]	WARN	swFactoryProcess_finish: session#0 does not exist.
[2016-08-16 19:35:56 ^8618.12]	WARN	swFactoryProcess_finish: session#0 does not exist.
[2016-08-16 19:35:56 ^8618.14]	WARN	swFactoryProcess_finish: session#0 does not exist.
[2016-08-16 19:35:56 ^8618.13]	WARN	swFactoryProcess_finish: session#0 does not exist.
[2016-08-16 19:35:58 ^8618.10]	WARN	swFactoryProcess_finish: session#0 does not exist.
[2016-08-16 19:35:58 ^8618.11]	WARN	swFactoryProcess_finish: session#0 does not exist.
[2016-08-16 19:35:58 ^8618.8]	WARN	swFactoryProcess_finish: session#0 does not exist.
[2016-08-16 19:35:58 ^8618.14]	WARN	swFactoryProcess_finish: session#0 does not exist.
[2016-08-16 19:36:00 ^8618.15]	WARN	swFactoryProcess_finish: session#0 does not exist.
[2016-08-16 19:36:00 ^8618.9]	WARN	swFactoryProcess_finish: session#0 does not exist.
[2016-08-16 19:36:00 ^8618.11]	WARN	swFactoryProcess_finish: session#0 does not exist.
[2016-08-16 19:36:00 ^8618.12]	WARN	swFactoryProcess_finish: session#0 does not exist.
[2016-08-16 19:36:00 ^8618.13]	WARN	swFactoryProcess_finish: session#0 does not exist.
[2016-08-16 19:36:00 ^8618.8]	WARN	swFactoryProcess_finish: session#0 does not exist.
[2016-08-16 19:36:02 ^8618.10]	WARN	swFactoryProcess_finish: session#0 does not exist.
[2016-08-16 19:36:02 ^8618.15]	WARN	swFactoryProcess_finish: session#0 does not exist.
[2016-08-16 19:36:02 ^8618.13]	WARN	swFactoryProcess_finish: session#0 does not exist.
[2016-08-16 19:36:04 ^8618.9]	WARN	swFactoryProcess_finish: session#0 does not exist.
[2016-08-16 19:36:04 ^8618.8]	WARN	swFactoryProcess_finish: session#0 does not exist.
[2016-08-16 19:36:06 ^8618.15]	WARN	swFactoryProcess_finish: session#0 does not exist.
[2016-08-16 19:36:06 ^8618.11]	WARN	swFactoryProcess_finish: session#0 does not exist.
[2016-08-16 19:36:06 ^8618.12]	WARN	swFactoryProcess_finish: session#0 does not exist.
[2016-08-16 19:36:06 ^8618.13]	WARN	swFactoryProcess_finish: session#0 does not exist.
[2016-08-16 19:36:06 ^8618.8]	WARN	swFactoryProcess_finish: session#0 does not exist.
[2016-08-16 19:36:08 ^8618.9]	WARN	swFactoryProcess_finish: session#0 does not exist.
[2016-08-16 19:36:08 ^8618.11]	WARN	swFactoryProcess_finish: session#0 does not exist.
[2016-08-16 19:36:08 ^8618.14]	WARN	swFactoryProcess_finish: session#0 does not exist.
[2016-08-16 19:36:10 ^8618.9]	WARN	swFactoryProcess_finish: session#0 does not exist.
[2016-08-16 19:36:10 ^8618.15]	WARN	swFactoryProcess_finish: session#0 does not exist.
[2016-08-16 19:36:10 ^8618.12]	WARN	swFactoryProcess_finish: session#0 does not exist.
[2016-08-16 19:36:10 ^8618.8]	WARN	swFactoryProcess_finish: session#0 does not exist.
[2016-08-16 19:36:10 ^8618.14]	WARN	swFactoryProcess_finish: session#0 does not exist.
[2016-08-16 19:36:12 ^8618.10]	WARN	swFactoryProcess_finish: session#0 does not exist.
[2016-08-16 19:36:12 ^8618.9]	WARN	swFactoryProcess_finish: session#0 does not exist.
[2016-08-16 19:36:12 ^8618.15]	WARN	swFactoryProcess_finish: session#0 does not exist.
[2016-08-16 19:36:12 ^8618.11]	WARN	swFactoryProcess_finish: session#0 does not exist.
[2016-08-16 19:36:12 ^8618.12]	WARN	swFactoryProcess_finish: session#0 does not exist.
[2016-08-16 19:36:12 ^8618.8]	WARN	swFactoryProcess_finish: session#0 does not exist.
[2016-08-16 19:36:12 ^8618.14]	WARN	swFactoryProcess_finish: session#0 does not exist.
[2016-08-16 19:36:14 ^8618.10]	WARN	swFactoryProcess_finish: session#0 does not exist.
[2016-08-16 19:36:14 ^8618.13]	WARN	swFactoryProcess_finish: session#0 does not exist.
[2016-08-16 19:36:14 ^8618.14]	WARN	swFactoryProcess_finish: session#0 does not exist.
[2016-08-16 19:36:14 ^8618.8]	WARN	swFactoryProcess_finish: session#0 does not exist.
[2016-08-16 19:36:16 ^8618.10]	WARN	swFactoryProcess_finish: session#0 does not exist.
[2016-08-16 19:36:16 ^8618.9]	WARN	swFactoryProcess_finish: session#0 does not exist.
[2016-08-16 19:36:16 ^8618.15]	WARN	swFactoryProcess_finish: session#0 does not exist.
[2016-08-16 19:36:16 ^8618.12]	WARN	swFactoryProcess_finish: session#0 does not exist.
[2016-08-16 19:36:16 ^8618.14]	WARN	swFactoryProcess_finish: session#0 does not exist.
[2016-08-16 19:36:18 ^8618.9]	WARN	swFactoryProcess_finish: session#0 does not exist.
[2016-08-16 19:36:18 ^8618.13]	WARN	swFactoryProcess_finish: session#0 does not exist.
[2016-08-16 19:36:18 ^8618.12]	WARN	swFactoryProcess_finish: session#0 does not exist.
[2016-08-16 19:36:20 ^8618.15]	WARN	swFactoryProcess_finish: session#0 does not exist.
[2016-08-16 19:36:20 ^8618.10]	WARN	swFactoryProcess_finish: session#0 does not exist.
[2016-08-16 19:36:20 ^8618.9]	WARN	swFactoryProcess_finish: session#0 does not exist.
[2016-08-16 19:36:20 ^8618.12]	WARN	swFactoryProcess_finish: session#0 does not exist.
[2016-08-16 19:36:20 ^8618.14]	WARN	swFactoryProcess_finish: session#0 does not exist.
[2016-08-16 19:36:22 ^8618.15]	WARN	swFactoryProcess_finish: session#0 does not exist.
[2016-08-16 19:36:22 ^8618.10]	WARN	swFactoryProcess_finish: session#0 does not exist.
[2016-08-16 19:36:22 ^8618.13]	WARN	swFactoryProcess_finish: session#0 does not exist.
[2016-08-16 19:36:22 ^8618.12]	WARN	swFactoryProcess_finish: session#0 does not exist.
[2016-08-16 19:36:24 ^8618.15]	WARN	swFactoryProcess_finish: session#0 does not exist.
[2016-08-16 19:36:24 ^8618.11]	WARN	swFactoryProcess_finish: session#0 does not exist.
[2016-08-16 19:36:24 ^8618.14]	WARN	swFactoryProcess_finish: session#0 does not exist.
[2016-08-16 19:36:26 ^8618.9]	WARN	swFactoryProcess_finish: session#0 does not exist.
[2016-08-16 19:36:26 ^8618.8]	WARN	swFactoryProcess_finish: session#0 does not exist.
[2016-08-16 19:36:26 ^8618.12]	WARN	swFactoryProcess_finish: session#0 does not exist.
[2016-08-16 19:36:26 ^8618.14]	WARN	swFactoryProcess_finish: session#0 does not exist.
[2016-08-16 19:36:28 ^8618.11]	WARN	swFactoryProcess_finish: session#0 does not exist.
[2016-08-16 19:36:28 ^8618.8]	WARN	swFactoryProcess_finish: session#0 does not exist.
[2016-08-16 19:36:28 ^8618.14]	WARN	swFactoryProcess_finish: session#0 does not exist.
[2016-08-16 19:36:30 ^8618.9]	WARN	swFactoryProcess_finish: session#0 does not exist.
[2016-08-16 19:36:30 ^8618.11]	WARN	swFactoryProcess_finish: session#0 does not exist.
[2016-08-16 19:36:30 ^8618.13]	WARN	swFactoryProcess_finish: session#0 does not exist.
[2016-08-16 19:36:30 ^8618.8]	WARN	swFactoryProcess_finish: session#0 does not exist.
[2016-08-16 19:36:30 ^8618.12]	WARN	swFactoryProcess_finish: session#0 does not exist.
[2016-08-16 19:36:30 ^8618.14]	WARN	swFactoryProcess_finish: session#0 does not exist.
[2016-08-16 19:36:32 ^8618.15]	WARN	swFactoryProcess_finish: session#0 does not exist.
[2016-08-16 19:36:32 ^8618.10]	WARN	swFactoryProcess_finish: session#0 does not exist.
[2016-08-16 19:36:32 ^8618.11]	WARN	swFactoryProcess_finish: session#0 does not exist.
[2016-08-16 19:36:32 ^8618.8]	WARN	swFactoryProcess_finish: session#0 does not exist.
[2016-08-16 19:36:32 ^8618.13]	WARN	swFactoryProcess_finish: session#0 does not exist.
[2016-08-16 19:36:34 ^8618.15]	WARN	swFactoryProcess_finish: session#0 does not exist.
[2016-08-16 19:36:34 ^8618.11]	WARN	swFactoryProcess_finish: session#0 does not exist.
[2016-08-16 19:36:34 ^8618.13]	WARN	swFactoryProcess_finish: session#0 does not exist.
[2016-08-16 19:36:34 ^8618.14]	WARN	swFactoryProcess_finish: session#0 does not exist.
[2016-08-16 19:36:34 ^8618.12]	WARN	swFactoryProcess_finish: session#0 does not exist.
[2016-08-16 19:36:36 ^8618.9]	WARN	swFactoryProcess_finish: session#0 does not exist.
[2016-08-16 19:36:36 ^8618.10]	WARN	swFactoryProcess_finish: session#0 does not exist.
[2016-08-16 19:36:36 ^8618.11]	WARN	swFactoryProcess_finish: session#0 does not exist.
[2016-08-16 19:36:36 ^8618.12]	WARN	swFactoryProcess_finish: session#0 does not exist.
[2016-08-16 19:36:36 ^8618.14]	WARN	swFactoryProcess_finish: session#0 does not exist.
[2016-08-16 19:36:38 ^8618.9]	WARN	swFactoryProcess_finish: session#0 does not exist.
[2016-08-16 19:36:38 ^8618.11]	WARN	swFactoryProcess_finish: session#0 does not exist.
[2016-08-16 19:36:38 ^8618.12]	WARN	swFactoryProcess_finish: session#0 does not exist.
[2016-08-16 19:36:38 ^8618.14]	WARN	swFactoryProcess_finish: session#0 does not exist.
[2016-08-16 19:36:40 ^8618.9]	WARN	swFactoryProcess_finish: session#0 does not exist.
[2016-08-16 19:36:40 ^8618.11]	WARN	swFactoryProcess_finish: session#0 does not exist.
[2016-08-16 19:36:40 ^8618.8]	WARN	swFactoryProcess_finish: session#0 does not exist.
[2016-08-16 19:36:40 ^8618.14]	WARN	swFactoryProcess_finish: session#0 does not exist.
[2016-08-16 19:36:40 ^8618.12]	WARN	swFactoryProcess_finish: session#0 does not exist.
[2016-08-16 19:36:42 ^8618.15]	WARN	swFactoryProcess_finish: session#0 does not exist.
[2016-08-16 19:36:42 ^8618.9]	WARN	swFactoryProcess_finish: session#0 does not exist.
[2016-08-16 19:36:42 ^8618.11]	WARN	swFactoryProcess_finish: session#0 does not exist.
[2016-08-16 19:36:42 ^8618.13]	WARN	swFactoryProcess_finish: session#0 does not exist.
[2016-08-16 19:36:42 ^8618.8]	WARN	swFactoryProcess_finish: session#0 does not exist.
[2016-08-16 19:36:42 ^8618.12]	WARN	swFactoryProcess_finish: session#0 does not exist.
[2016-08-16 19:36:44 ^8618.9]	WARN	swFactoryProcess_finish: session#0 does not exist.
[2016-08-16 19:36:44 ^8618.11]	WARN	swFactoryProcess_finish: session#0 does not exist.
[2016-08-16 19:36:44 ^8618.14]	WARN	swFactoryProcess_finish: session#0 does not exist.
[2016-08-16 19:36:46 ^8618.10]	WARN	swFactoryProcess_finish: session#0 does not exist.
[2016-08-16 19:36:46 ^8618.13]	WARN	swFactoryProcess_finish: session#0 does not exist.
[2016-08-16 19:36:46 ^8618.8]	WARN	swFactoryProcess_finish: session#0 does not exist.
[2016-08-16 19:36:46 ^8618.12]	WARN	swFactoryProcess_finish: session#0 does not exist.
[2016-08-16 19:36:46 ^8618.14]	WARN	swFactoryProcess_finish: session#0 does not exist.
[2016-08-16 19:36:48 ^8618.9]	WARN	swFactoryProcess_finish: session#0 does not exist.
[2016-08-16 19:36:48 ^8618.10]	WARN	swFactoryProcess_finish: session#0 does not exist.
[2016-08-16 19:36:48 ^8618.11]	WARN	swFactoryProcess_finish: session#0 does not exist.
[2016-08-16 19:36:48 ^8618.8]	WARN	swFactoryProcess_finish: session#0 does not exist.
[2016-08-16 19:36:48 ^8618.12]	WARN	swFactoryProcess_finish: session#0 does not exist.
[2016-08-16 19:36:48 ^8618.14]	WARN	swFactoryProcess_finish: session#0 does not exist.
[2016-08-16 19:36:50 ^8618.15]	WARN	swFactoryProcess_finish: session#0 does not exist.
[2016-08-16 19:36:50 ^8618.9]	WARN	swFactoryProcess_finish: session#0 does not exist.
[2016-08-16 19:36:50 ^8618.10]	WARN	swFactoryProcess_finish: session#0 does not exist.
[2016-08-16 19:36:50 ^8618.8]	WARN	swFactoryProcess_finish: session#0 does not exist.
[2016-08-16 19:36:50 ^8618.13]	WARN	swFactoryProcess_finish: session#0 does not exist.
[2016-08-16 19:36:50 ^8618.12]	WARN	swFactoryProcess_finish: session#0 does not exist.
[2016-08-16 19:36:52 ^8618.15]	WARN	swFactoryProcess_finish: session#0 does not exist.
[2016-08-16 19:36:52 ^8618.9]	WARN	swFactoryProcess_finish: session#0 does not exist.
[2016-08-16 19:36:52 ^8618.11]	WARN	swFactoryProcess_finish: session#0 does not exist.
[2016-08-16 19:36:52 ^8618.8]	WARN	swFactoryProcess_finish: session#0 does not exist.
[2016-08-16 19:36:52 ^8618.13]	WARN	swFactoryProcess_finish: session#0 does not exist.
[2016-08-16 19:36:54 ^8618.15]	WARN	swFactoryProcess_finish: session#0 does not exist.
[2016-08-16 19:36:54 ^8618.9]	WARN	swFactoryProcess_finish: session#0 does not exist.
[2016-08-16 19:36:54 ^8618.10]	WARN	swFactoryProcess_finish: session#0 does not exist.
[2016-08-16 19:36:54 ^8618.11]	WARN	swFactoryProcess_finish: session#0 does not exist.
[2016-08-16 19:36:54 ^8618.12]	WARN	swFactoryProcess_finish: session#0 does not exist.
[2016-08-16 19:36:54 ^8618.14]	WARN	swFactoryProcess_finish: session#0 does not exist.
[2016-08-16 19:36:56 ^8618.15]	WARN	swFactoryProcess_finish: session#0 does not exist.
[2016-08-16 19:36:56 ^8618.9]	WARN	swFactoryProcess_finish: session#0 does not exist.
[2016-08-16 19:36:56 ^8618.11]	WARN	swFactoryProcess_finish: session#0 does not exist.
[2016-08-16 19:36:56 ^8618.13]	WARN	swFactoryProcess_finish: session#0 does not exist.
[2016-08-16 19:36:56 ^8618.8]	WARN	swFactoryProcess_finish: session#0 does not exist.
[2016-08-16 19:36:56 ^8618.12]	WARN	swFactoryProcess_finish: session#0 does not exist.
[2016-08-16 19:36:56 ^8618.14]	WARN	swFactoryProcess_finish: session#0 does not exist.
[2016-08-16 19:36:58 ^8618.10]	WARN	swFactoryProcess_finish: session#0 does not exist.
[2016-08-16 19:36:58 ^8618.11]	WARN	swFactoryProcess_finish: session#0 does not exist.
[2016-08-16 19:36:58 ^8618.13]	WARN	swFactoryProcess_finish: session#0 does not exist.
[2016-08-16 19:36:58 ^8618.8]	WARN	swFactoryProcess_finish: session#0 does not exist.
[2016-08-16 19:36:58 ^8618.12]	WARN	swFactoryProcess_finish: session#0 does not exist.
[2016-08-16 19:37:00 ^8618.10]	WARN	swFactoryProcess_finish: session#0 does not exist.
[2016-08-16 19:37:00 ^8618.14]	WARN	swFactoryProcess_finish: session#0 does not exist.
[2016-08-16 19:37:00 ^8618.12]	WARN	swFactoryProcess_finish: session#0 does not exist.
[2016-08-16 19:37:00 ^8618.8]	WARN	swFactoryProcess_finish: session#0 does not exist.
[2016-08-16 19:37:02 ^8618.15]	WARN	swFactoryProcess_finish: session#0 does not exist.
[2016-08-16 19:37:02 ^8618.10]	WARN	swFactoryProcess_finish: session#0 does not exist.
[2016-08-16 19:37:02 ^8618.14]	WARN	swFactoryProcess_finish: session#0 does not exist.
[2016-08-16 19:37:02 ^8618.12]	WARN	swFactoryProcess_finish: session#0 does not exist.
[2016-08-16 19:37:02 ^8618.8]	WARN	swFactoryProcess_finish: session#0 does not exist.
[2016-08-16 19:37:04 ^8618.9]	WARN	swFactoryProcess_finish: session#0 does not exist.
[2016-08-16 19:37:04 ^8618.11]	WARN	swFactoryProcess_finish: session#0 does not exist.
[2016-08-16 19:37:04 ^8618.14]	WARN	swFactoryProcess_finish: session#0 does not exist.
[2016-08-16 19:37:04 ^8618.12]	WARN	swFactoryProcess_finish: session#0 does not exist.
[2016-08-16 19:37:04 ^8618.8]	WARN	swFactoryProcess_finish: session#0 does not exist.
[2016-08-16 19:37:06 ^8618.11]	WARN	swFactoryProcess_finish: session#0 does not exist.
[2016-08-16 19:37:06 ^8618.13]	WARN	swFactoryProcess_finish: session#0 does not exist.
[2016-08-16 19:37:06 ^8618.14]	WARN	swFactoryProcess_finish: session#0 does not exist.
[2016-08-16 19:37:06 ^8618.15]	WARN	swFactoryProcess_finish: session#0 does not exist.
[2016-08-16 19:37:06 ^8618.8]	WARN	swFactoryProcess_finish: session#0 does not exist.
[2016-08-16 19:37:08 ^8618.13]	WARN	swFactoryProcess_finish: session#0 does not exist.
[2016-08-16 19:37:08 ^8618.12]	WARN	swFactoryProcess_finish: session#0 does not exist.
[2016-08-16 19:37:08 ^8618.10]	WARN	swFactoryProcess_finish: session#0 does not exist.
[2016-08-16 19:37:08 ^8618.15]	WARN	swFactoryProcess_finish: session#0 does not exist.
[2016-08-16 19:37:08 ^8618.8]	WARN	swFactoryProcess_finish: session#0 does not exist.
[2016-08-16 19:37:10 ^8618.9]	WARN	swFactoryProcess_finish: session#0 does not exist.
[2016-08-16 19:37:10 ^8618.13]	WARN	swFactoryProcess_finish: session#0 does not exist.
[2016-08-16 19:37:10 ^8618.12]	WARN	swFactoryProcess_finish: session#0 does not exist.
[2016-08-16 19:37:10 ^8618.10]	WARN	swFactoryProcess_finish: session#0 does not exist.
[2016-08-16 19:37:10 ^8618.15]	WARN	swFactoryProcess_finish: session#0 does not exist.
[2016-08-16 19:37:12 ^8618.9]	WARN	swFactoryProcess_finish: session#0 does not exist.
[2016-08-16 19:37:12 ^8618.11]	WARN	swFactoryProcess_finish: session#0 does not exist.
[2016-08-16 19:37:12 ^8618.15]	WARN	swFactoryProcess_finish: session#0 does not exist.
[2016-08-16 19:37:12 ^8618.8]	WARN	swFactoryProcess_finish: session#0 does not exist.
[2016-08-16 19:37:14 ^8618.9]	WARN	swFactoryProcess_finish: session#0 does not exist.
[2016-08-16 19:37:14 ^8618.11]	WARN	swFactoryProcess_finish: session#0 does not exist.
[2016-08-16 19:37:14 ^8618.12]	WARN	swFactoryProcess_finish: session#0 does not exist.
[2016-08-16 19:37:14 ^8618.14]	WARN	swFactoryProcess_finish: session#0 does not exist.
[2016-08-16 19:37:14 ^8618.10]	WARN	swFactoryProcess_finish: session#0 does not exist.
[2016-08-16 19:37:14 ^8618.15]	WARN	swFactoryProcess_finish: session#0 does not exist.
[2016-08-16 19:37:16 ^8618.12]	WARN	swFactoryProcess_finish: session#0 does not exist.
[2016-08-16 19:37:16 ^8618.14]	WARN	swFactoryProcess_finish: session#0 does not exist.
[2016-08-16 19:37:16 ^8618.10]	WARN	swFactoryProcess_finish: session#0 does not exist.
[2016-08-16 19:37:18 ^8618.8]	WARN	swFactoryProcess_finish: session#0 does not exist.
[2016-08-16 19:37:18 ^8618.9]	WARN	swFactoryProcess_finish: session#0 does not exist.
[2016-08-16 19:37:18 ^8618.12]	WARN	swFactoryProcess_finish: session#0 does not exist.
[2016-08-16 19:37:18 ^8618.14]	WARN	swFactoryProcess_finish: session#0 does not exist.
[2016-08-16 19:37:18 ^8618.10]	WARN	swFactoryProcess_finish: session#0 does not exist.
[2016-08-16 19:37:20 ^8618.15]	WARN	swFactoryProcess_finish: session#0 does not exist.
[2016-08-16 19:37:20 ^8618.9]	WARN	swFactoryProcess_finish: session#0 does not exist.
[2016-08-16 19:37:20 ^8618.12]	WARN	swFactoryProcess_finish: session#0 does not exist.
[2016-08-16 19:37:20 ^8618.14]	WARN	swFactoryProcess_finish: session#0 does not exist.
[2016-08-16 19:37:22 ^8618.13]	WARN	swFactoryProcess_finish: session#0 does not exist.
[2016-08-16 19:37:22 ^8618.8]	WARN	swFactoryProcess_finish: session#0 does not exist.
[2016-08-16 19:37:22 ^8618.11]	WARN	swFactoryProcess_finish: session#0 does not exist.
[2016-08-16 19:37:22 ^8618.12]	WARN	swFactoryProcess_finish: session#0 does not exist.
[2016-08-16 19:37:24 ^8618.13]	WARN	swFactoryProcess_finish: session#0 does not exist.
[2016-08-16 19:37:24 ^8618.8]	WARN	swFactoryProcess_finish: session#0 does not exist.
[2016-08-16 19:37:24 ^8618.11]	WARN	swFactoryProcess_finish: session#0 does not exist.
[2016-08-16 19:37:24 ^8618.12]	WARN	swFactoryProcess_finish: session#0 does not exist.
[2016-08-16 19:37:26 ^8618.13]	WARN	swFactoryProcess_finish: session#0 does not exist.
[2016-08-16 19:37:26 ^8618.8]	WARN	swFactoryProcess_finish: session#0 does not exist.
[2016-08-16 19:37:26 ^8618.10]	WARN	swFactoryProcess_finish: session#0 does not exist.
[2016-08-16 19:37:26 ^8618.15]	WARN	swFactoryProcess_finish: session#0 does not exist.
[2016-08-16 19:37:26 ^8618.14]	WARN	swFactoryProcess_finish: session#0 does not exist.
[2016-08-17 10:22:29 #748.0]	WARN	swSignal_callback: signal[1] callback is null.
[2016-08-17 10:22:29 $749.0]	WARN	swSignal_callback: signal[1] callback is null.
[2016-08-17 10:22:29 *757.7]	WARN	swSignal_callback: signal[1] callback is null.
[2016-08-17 10:22:29 *756.6]	WARN	swSignal_callback: signal[1] callback is null.
[2016-08-17 10:22:29 *754.4]	WARN	swSignal_callback: signal[1] callback is null.
[2016-08-17 10:22:29 *755.5]	WARN	swSignal_callback: signal[1] callback is null.
[2016-08-17 10:22:29 *753.3]	WARN	swSignal_callback: signal[1] callback is null.
[2016-08-17 10:22:29 *752.2]	WARN	swSignal_callback: signal[1] callback is null.
[2016-08-17 10:22:29 *751.1]	WARN	swSignal_callback: signal[1] callback is null.
[2016-08-17 10:22:29 *750.0]	WARN	swSignal_callback: signal[1] callback is null.
[2016-08-17 10:22:30 *751.1]	WARN	zm_deactivate_swoole: worker process is terminated by exit()/die().
[2016-08-17 10:28:15 @807.0]	WARN	swSocket_listen: bind(0.0.0.0:9501) failed. Error: Address already in use [48]
[2016-08-17 10:28:15 @807.0]	WARN	swServer_start_proxy: ReactorThread start failed
[2016-08-17 10:28:15 @807.0]	NOTICE	Server is shutdown now.
[2016-08-17 10:28:15 @807.0]	WARN	swServer_signal_hanlder: Fatal Error: manager process exit. status=0, signal=15.
[2016-08-17 10:28:15 @807.0]	WARN	swFactoryProcess_shutdown(:62): waitpid(808) failed. Error: No child processes[10].
[2016-08-17 10:28:19 @809.0]	WARN	swSocket_listen: bind(0.0.0.0:9501) failed. Error: Address already in use [48]
[2016-08-17 10:28:19 @809.0]	WARN	swServer_start_proxy: ReactorThread start failed
[2016-08-17 10:28:19 @809.0]	NOTICE	Server is shutdown now.
[2016-08-17 10:28:19 @809.0]	WARN	swServer_signal_hanlder: Fatal Error: manager process exit. status=0, signal=15.
[2016-08-17 10:28:19 @809.0]	WARN	swFactoryProcess_shutdown(:62): waitpid(810) failed. Error: No child processes[10].
[2016-08-17 10:28:28 @812.0]	WARN	swSocket_listen: bind(0.0.0.0:9501) failed. Error: Address already in use [48]
[2016-08-17 10:28:28 @812.0]	WARN	swServer_start_proxy: ReactorThread start failed
[2016-08-17 10:28:28 @812.0]	NOTICE	Server is shutdown now.
[2016-08-17 10:28:28 @812.0]	WARN	swServer_signal_hanlder: Fatal Error: manager process exit. status=0, signal=15.
[2016-08-17 10:28:28 @812.0]	WARN	swFactoryProcess_shutdown(:62): waitpid(813) failed. Error: No child processes[10].
[2016-08-17 10:28:46 @816.0]	WARN	swSocket_listen: bind(0.0.0.0:9501) failed. Error: Address already in use [48]
[2016-08-17 10:28:46 @816.0]	WARN	swServer_start_proxy: ReactorThread start failed
[2016-08-17 10:28:46 @816.0]	NOTICE	Server is shutdown now.
[2016-08-17 10:28:46 @816.0]	WARN	swServer_signal_hanlder: Fatal Error: manager process exit. status=0, signal=15.
[2016-08-17 10:28:46 @816.0]	WARN	swFactoryProcess_shutdown(:62): waitpid(817) failed. Error: No child processes[10].
[2016-08-17 10:29:55 @821.0]	WARN	swSocket_listen: bind(0.0.0.0:9501) failed. Error: Address already in use [48]
[2016-08-17 10:29:55 @821.0]	WARN	swServer_start_proxy: ReactorThread start failed
[2016-08-17 10:29:55 @821.0]	NOTICE	Server is shutdown now.
[2016-08-17 10:29:55 @821.0]	WARN	swServer_signal_hanlder: Fatal Error: manager process exit. status=0, signal=15.
[2016-08-17 10:29:55 @821.0]	WARN	swFactoryProcess_shutdown(:62): waitpid(822) failed. Error: No child processes[10].
[2016-08-17 10:32:49 @837.0]	WARN	swSocket_listen: bind(0.0.0.0:9501) failed. Error: Address already in use [48]
[2016-08-17 10:32:49 @837.0]	WARN	swServer_start_proxy: ReactorThread start failed
[2016-08-17 10:32:49 @837.0]	NOTICE	Server is shutdown now.
[2016-08-17 10:32:49 @837.0]	WARN	swServer_signal_hanlder: Fatal Error: manager process exit. status=0, signal=15.
[2016-08-17 10:32:49 @837.0]	WARN	swFactoryProcess_shutdown(:62): waitpid(838) failed. Error: No child processes[10].
[2016-08-17 10:32:50 @839.0]	WARN	swSocket_listen: bind(0.0.0.0:9501) failed. Error: Address already in use [48]
[2016-08-17 10:32:50 @839.0]	WARN	swServer_start_proxy: ReactorThread start failed
[2016-08-17 10:32:50 @839.0]	NOTICE	Server is shutdown now.
[2016-08-17 10:32:50 @839.0]	WARN	swServer_signal_hanlder: Fatal Error: manager process exit. status=0, signal=15.
[2016-08-17 10:32:50 @839.0]	WARN	swFactoryProcess_shutdown(:62): waitpid(840) failed. Error: No child processes[10].
[2016-08-17 10:35:12 @846.0]	WARN	swSocket_listen: bind(0.0.0.0:9501) failed. Error: Address already in use [48]
[2016-08-17 10:35:12 @846.0]	WARN	swServer_start_proxy: ReactorThread start failed
[2016-08-17 10:35:12 @846.0]	NOTICE	Server is shutdown now.
[2016-08-17 10:35:12 @846.0]	WARN	swServer_signal_hanlder: Fatal Error: manager process exit. status=0, signal=15.
[2016-08-17 10:35:12 @846.0]	WARN	swFactoryProcess_shutdown(:62): waitpid(847) failed. Error: No child processes[10].
[2016-08-17 10:35:32 *752.2]	WARN	zm_deactivate_swoole: worker process is terminated by exit()/die().
[2016-08-17 10:35:37 *753.3]	WARN	zm_deactivate_swoole: worker process is terminated by exit()/die().
[2016-08-17 10:35:39 *856.3]	WARN	zm_deactivate_swoole: worker process is terminated by exit()/die().
[2016-08-17 10:35:41 @858.0]	WARN	swSocket_listen: bind(0.0.0.0:9501) failed. Error: Address already in use [48]
[2016-08-17 10:35:41 @858.0]	WARN	swServer_start_proxy: ReactorThread start failed
[2016-08-17 10:35:41 @858.0]	NOTICE	Server is shutdown now.
[2016-08-17 10:35:41 @858.0]	WARN	swServer_signal_hanlder: Fatal Error: manager process exit. status=0, signal=15.
[2016-08-17 10:35:41 @858.0]	WARN	swFactoryProcess_shutdown(:62): waitpid(859) failed. Error: No child processes[10].
[2016-08-17 10:38:53 @888.0]	WARN	swSocket_listen: bind(0.0.0.0:9501) failed. Error: Address already in use [48]
[2016-08-17 10:38:53 @888.0]	WARN	swServer_start_proxy: ReactorThread start failed
[2016-08-17 10:38:53 @888.0]	NOTICE	Server is shutdown now.
[2016-08-17 10:38:53 @888.0]	WARN	swServer_signal_hanlder: Fatal Error: manager process exit. status=0, signal=15.
[2016-08-17 10:38:53 @888.0]	WARN	swFactoryProcess_shutdown(:62): waitpid(889) failed. Error: No child processes[10].
[2016-08-17 10:39:51 #748.0]	NOTICE	Server is shutdown now.
[2016-08-17 10:41:15 @926.0]	WARN	swSocket_listen: bind(0.0.0.0:9501) failed. Error: Address already in use [48]
[2016-08-17 10:41:15 @926.0]	WARN	swServer_start_proxy: ReactorThread start failed
[2016-08-17 10:41:15 @926.0]	NOTICE	Server is shutdown now.
[2016-08-17 10:41:15 @926.0]	WARN	swServer_signal_hanlder: Fatal Error: manager process exit. status=0, signal=15.
[2016-08-17 10:41:15 @926.0]	WARN	swFactoryProcess_shutdown(:62): waitpid(927) failed. Error: No child processes[10].
[2016-08-17 10:43:31 @982.0]	WARN	swSocket_listen: bind(0.0.0.0:9501) failed. Error: Address already in use [48]
[2016-08-17 10:43:31 @982.0]	WARN	swServer_start_proxy: ReactorThread start failed
[2016-08-17 10:43:31 @982.0]	NOTICE	Server is shutdown now.
[2016-08-17 10:43:31 @982.0]	WARN	swServer_signal_hanlder: Fatal Error: manager process exit. status=0, signal=15.
[2016-08-17 10:43:31 @982.0]	WARN	swFactoryProcess_shutdown(:62): waitpid(983) failed. Error: No child processes[10].
[2016-08-17 10:43:33 @984.0]	WARN	swSocket_listen: bind(0.0.0.0:9501) failed. Error: Address already in use [48]
[2016-08-17 10:43:33 @984.0]	WARN	swServer_start_proxy: ReactorThread start failed
[2016-08-17 10:43:33 @984.0]	NOTICE	Server is shutdown now.
[2016-08-17 10:43:33 @984.0]	WARN	swServer_signal_hanlder: Fatal Error: manager process exit. status=0, signal=15.
[2016-08-17 10:43:33 @984.0]	WARN	swFactoryProcess_shutdown(:62): waitpid(985) failed. Error: No child processes[10].
[2016-08-17 10:43:34 @986.0]	WARN	swSocket_listen: bind(0.0.0.0:9501) failed. Error: Address already in use [48]
[2016-08-17 10:43:34 @986.0]	WARN	swServer_start_proxy: ReactorThread start failed
[2016-08-17 10:43:34 @986.0]	NOTICE	Server is shutdown now.
[2016-08-17 10:43:34 @986.0]	WARN	swServer_signal_hanlder: Fatal Error: manager process exit. status=0, signal=15.
[2016-08-17 10:43:34 @986.0]	WARN	swFactoryProcess_shutdown(:62): waitpid(987) failed. Error: No child processes[10].
[2016-08-17 10:45:26 @1000.0]	WARN	swSocket_listen: bind(0.0.0.0:9501) failed. Error: Address already in use [48]
[2016-08-17 10:45:26 @1000.0]	WARN	swServer_start_proxy: ReactorThread start failed
[2016-08-17 10:45:26 @1000.0]	NOTICE	Server is shutdown now.
[2016-08-17 10:45:26 @1000.0]	WARN	swServer_signal_hanlder: Fatal Error: manager process exit. status=0, signal=15.
[2016-08-17 10:45:26 @1000.0]	WARN	swFactoryProcess_shutdown(:62): waitpid(1001) failed. Error: No child processes[10].
[2016-08-17 10:45:28 @1002.0]	WARN	swSocket_listen: bind(0.0.0.0:9501) failed. Error: Address already in use [48]
[2016-08-17 10:45:28 @1002.0]	WARN	swServer_start_proxy: ReactorThread start failed
[2016-08-17 10:45:28 @1002.0]	NOTICE	Server is shutdown now.
[2016-08-17 10:45:28 @1002.0]	WARN	swServer_signal_hanlder: Fatal Error: manager process exit. status=0, signal=15.
[2016-08-17 10:45:28 @1002.0]	WARN	swFactoryProcess_shutdown(:62): waitpid(1003) failed. Error: No child processes[10].
[2016-08-17 15:08:05 @1834.0]	WARN	swSocket_listen: bind(0.0.0.0:9501) failed. Error: Address already in use [48]
[2016-08-17 15:08:05 @1834.0]	WARN	swServer_start_proxy: ReactorThread start failed
[2016-08-17 15:08:05 @1834.0]	NOTICE	Server is shutdown now.
[2016-08-17 15:08:05 @1834.0]	WARN	swServer_signal_hanlder: Fatal Error: manager process exit. status=0, signal=15.
[2016-08-17 15:08:05 @1834.0]	WARN	swFactoryProcess_shutdown(:62): waitpid(1835) failed. Error: No child processes[10].
[2016-08-17 15:08:07 @1836.0]	WARN	swSocket_listen: bind(0.0.0.0:9501) failed. Error: Address already in use [48]
[2016-08-17 15:08:07 @1836.0]	WARN	swServer_start_proxy: ReactorThread start failed
[2016-08-17 15:08:07 @1836.0]	NOTICE	Server is shutdown now.
[2016-08-17 15:08:07 @1836.0]	WARN	swServer_signal_hanlder: Fatal Error: manager process exit. status=0, signal=15.
[2016-08-17 15:08:07 @1836.0]	WARN	swFactoryProcess_shutdown(:62): waitpid(1837) failed. Error: No child processes[10].
[2016-08-17 15:08:19 @1843.0]	WARN	swSocket_listen: bind(0.0.0.0:9501) failed. Error: Address already in use [48]
[2016-08-17 15:08:19 @1843.0]	WARN	swServer_start_proxy: ReactorThread start failed
[2016-08-17 15:08:19 @1843.0]	NOTICE	Server is shutdown now.
[2016-08-17 15:08:19 @1843.0]	WARN	swServer_signal_hanlder: Fatal Error: manager process exit. status=0, signal=15.
[2016-08-17 15:08:19 @1843.0]	WARN	swFactoryProcess_shutdown(:62): waitpid(1844) failed. Error: No child processes[10].
[2016-08-17 15:08:28 @1849.0]	WARN	swSocket_listen: bind(0.0.0.0:9501) failed. Error: Address already in use [48]
[2016-08-17 15:08:28 @1849.0]	WARN	swServer_start_proxy: ReactorThread start failed
[2016-08-17 15:08:28 @1849.0]	NOTICE	Server is shutdown now.
[2016-08-17 15:08:28 @1849.0]	WARN	swServer_signal_hanlder: Fatal Error: manager process exit. status=0, signal=15.
[2016-08-17 15:08:28 @1849.0]	WARN	swFactoryProcess_shutdown(:62): waitpid(1850) failed. Error: No child processes[10].
[2016-08-17 15:08:30 @1851.0]	WARN	swSocket_listen: bind(0.0.0.0:9501) failed. Error: Address already in use [48]
[2016-08-17 15:08:30 @1851.0]	WARN	swServer_start_proxy: ReactorThread start failed
[2016-08-17 15:08:30 @1851.0]	NOTICE	Server is shutdown now.
[2016-08-17 15:08:30 @1851.0]	WARN	swServer_signal_hanlder: Fatal Error: manager process exit. status=0, signal=15.
[2016-08-17 15:08:30 @1851.0]	WARN	swFactoryProcess_shutdown(:62): waitpid(1852) failed. Error: No child processes[10].
[2016-08-17 15:08:31 @1853.0]	WARN	swSocket_listen: bind(0.0.0.0:9501) failed. Error: Address already in use [48]
[2016-08-17 15:08:31 @1853.0]	WARN	swServer_start_proxy: ReactorThread start failed
[2016-08-17 15:08:31 @1853.0]	NOTICE	Server is shutdown now.
[2016-08-17 15:08:31 @1853.0]	WARN	swServer_signal_hanlder: Fatal Error: manager process exit. status=0, signal=15.
[2016-08-17 15:08:31 @1853.0]	WARN	swFactoryProcess_shutdown(:62): waitpid(1854) failed. Error: No child processes[10].
[2016-08-17 15:09:46 @1859.0]	WARN	swSocket_listen: bind(0.0.0.0:9501) failed. Error: Address already in use [48]
[2016-08-17 15:09:46 @1859.0]	WARN	swServer_start_proxy: ReactorThread start failed
[2016-08-17 15:09:46 @1859.0]	NOTICE	Server is shutdown now.
[2016-08-17 15:09:46 @1859.0]	WARN	swServer_signal_hanlder: Fatal Error: manager process exit. status=0, signal=15.
[2016-08-17 15:09:46 @1859.0]	WARN	swFactoryProcess_shutdown(:62): waitpid(1861) failed. Error: No child processes[10].
[2016-08-17 15:09:51 @1862.0]	WARN	swSocket_listen: bind(0.0.0.0:9501) failed. Error: Address already in use [48]
[2016-08-17 15:09:51 @1862.0]	WARN	swServer_start_proxy: ReactorThread start failed
[2016-08-17 15:09:51 @1862.0]	NOTICE	Server is shutdown now.
[2016-08-17 15:09:51 @1862.0]	WARN	swServer_signal_hanlder: Fatal Error: manager process exit. status=0, signal=15.
[2016-08-17 15:09:51 @1862.0]	WARN	swFactoryProcess_shutdown(:62): waitpid(1863) failed. Error: No child processes[10].
[2016-08-18 15:52:41 ^2532.8]	WARN	swFactoryProcess_finish: session#1 does not exist.
[2016-08-18 15:53:59 ^2532.9]	WARN	swFactoryProcess_finish: session#2 does not exist.
[2016-08-18 15:54:28 ^2532.10]	WARN	swFactoryProcess_finish: session#3 does not exist.
[2016-08-18 15:55:34 ^2532.11]	WARN	swFactoryProcess_finish: session#4 does not exist.
[2016-08-18 15:56:30 ^2532.12]	WARN	swFactoryProcess_finish: session#5 does not exist.
[2016-08-18 15:57:30 ^2532.13]	WARN	swFactoryProcess_finish: session#6 does not exist.
[2016-08-18 15:58:17 ^2532.14]	WARN	swFactoryProcess_finish: session#7 does not exist.
[2016-08-18 16:00:39 ^2532.15]	WARN	swFactoryProcess_finish: session#8 does not exist.
[2016-08-18 16:00:44 #2532.0]	WARN	swSignal_callback: signal[1] callback is null.
[2016-08-18 16:00:44 *2541.7]	WARN	swSignal_callback: signal[1] callback is null.
[2016-08-18 16:00:44 $2533.0]	WARN	swSignal_callback: signal[1] callback is null.
[2016-08-18 16:00:44 *2540.6]	WARN	swSignal_callback: signal[1] callback is null.
[2016-08-18 16:00:44 *2539.5]	WARN	swSignal_callback: signal[1] callback is null.
[2016-08-18 16:00:44 *2538.4]	WARN	swSignal_callback: signal[1] callback is null.
[2016-08-18 16:00:44 *2536.2]	WARN	swSignal_callback: signal[1] callback is null.
[2016-08-18 16:00:44 *2537.3]	WARN	swSignal_callback: signal[1] callback is null.
[2016-08-18 16:00:44 *2535.1]	WARN	swSignal_callback: signal[1] callback is null.
[2016-08-18 16:00:44 *2534.0]	WARN	swSignal_callback: signal[1] callback is null.
[2016-08-18 16:01:02 @2620.0]	WARN	swSocket_listen: bind(0.0.0.0:9501) failed. Error: Address already in use [48]
[2016-08-18 16:01:02 @2620.0]	WARN	swServer_start_proxy: ReactorThread start failed
[2016-08-18 16:01:02 @2620.0]	NOTICE	Server is shutdown now.
[2016-08-18 16:01:02 @2620.0]	WARN	swServer_signal_hanlder: Fatal Error: manager process exit. status=0, signal=15.
[2016-08-18 16:01:02 @2620.0]	WARN	swFactoryProcess_shutdown(:62): waitpid(2621) failed. Error: No child processes[10].
[2016-08-18 16:01:30 @2632.0]	WARN	swSocket_listen: bind(0.0.0.0:9501) failed. Error: Address already in use [48]
[2016-08-18 16:01:30 @2632.0]	WARN	swServer_start_proxy: ReactorThread start failed
[2016-08-18 16:01:30 @2632.0]	NOTICE	Server is shutdown now.
[2016-08-18 16:01:30 @2632.0]	WARN	swServer_signal_hanlder: Fatal Error: manager process exit. status=0, signal=15.
[2016-08-18 16:01:30 @2632.0]	WARN	swFactoryProcess_shutdown(:62): waitpid(2633) failed. Error: No child processes[10].
[2016-08-18 16:02:59 @2648.0]	WARN	swSocket_listen: bind(0.0.0.0:9501) failed. Error: Address already in use [48]
[2016-08-18 16:02:59 @2648.0]	WARN	swServer_start_proxy: ReactorThread start failed
[2016-08-18 16:02:59 @2648.0]	NOTICE	Server is shutdown now.
[2016-08-18 16:02:59 @2648.0]	WARN	swServer_signal_hanlder: Fatal Error: manager process exit. status=0, signal=15.
[2016-08-18 16:02:59 @2648.0]	WARN	swFactoryProcess_shutdown(:62): waitpid(2649) failed. Error: No child processes[10].
[2016-08-18 16:03:54 #2532.0]	WARN	swServer_signal_hanlder: Fatal Error: manager process exit. status=0, signal=0.
[2016-08-18 16:04:22 @2665.0]	WARN	swSocket_listen: bind(0.0.0.0:9501) failed. Error: Address already in use [48]
[2016-08-18 16:04:22 @2665.0]	WARN	swServer_start_proxy: ReactorThread start failed
[2016-08-18 16:04:22 @2665.0]	NOTICE	Server is shutdown now.
[2016-08-18 16:04:22 @2665.0]	WARN	swServer_signal_hanlder: Fatal Error: manager process exit. status=0, signal=15.
[2016-08-18 16:04:22 @2665.0]	WARN	swFactoryProcess_shutdown(:62): waitpid(2666) failed. Error: No child processes[10].
[2016-08-18 16:04:51 #2532.0]	NOTICE	Server is shutdown now.
[2016-08-18 16:04:51 #2532.0]	WARN	swFactoryProcess_shutdown(:57): kill(2533) failed. Error: No such process[3].
[2016-08-18 16:04:51 #2532.0]	WARN	swFactoryProcess_shutdown(:62): waitpid(2533) failed. Error: No child processes[10].
[2016-08-18 17:27:05 #922.0]	WARN	swSignal_callback: signal[1] callback is null.
[2016-08-18 17:27:05 *931.7]	WARN	swSignal_callback: signal[1] callback is null.
[2016-08-18 17:27:05 $923.0]	WARN	swSignal_callback: signal[1] callback is null.
[2016-08-18 17:27:05 *930.6]	WARN	swSignal_callback: signal[1] callback is null.
[2016-08-18 17:27:05 *929.5]	WARN	swSignal_callback: signal[1] callback is null.
[2016-08-18 17:27:05 *928.4]	WARN	swSignal_callback: signal[1] callback is null.
[2016-08-18 17:27:05 *927.3]	WARN	swSignal_callback: signal[1] callback is null.
[2016-08-18 17:27:05 *926.2]	WARN	swSignal_callback: signal[1] callback is null.
[2016-08-18 17:27:05 *925.1]	WARN	swSignal_callback: signal[1] callback is null.
[2016-08-18 17:27:05 *924.0]	WARN	swSignal_callback: signal[1] callback is null.
[2016-08-18 19:57:17 #922.0]	NOTICE	Server is shutdown now.
[2016-08-22 17:56:55 #12634.0]	WARN	swSignal_callback: signal[1] callback is null.
[2016-08-22 17:56:55 *12643.7]	WARN	swSignal_callback: signal[1] callback is null.
[2016-08-22 17:56:55 $12635.0]	WARN	swSignal_callback: signal[1] callback is null.
[2016-08-22 17:56:55 *12642.6]	WARN	swSignal_callback: signal[1] callback is null.
[2016-08-22 17:56:55 *12641.5]	WARN	swSignal_callback: signal[1] callback is null.
[2016-08-22 17:56:55 *12640.4]	WARN	swSignal_callback: signal[1] callback is null.
[2016-08-22 17:56:55 *12638.2]	WARN	swSignal_callback: signal[1] callback is null.
[2016-08-22 17:56:55 *12637.1]	WARN	swSignal_callback: signal[1] callback is null.
[2016-08-22 17:56:55 *12639.3]	WARN	swSignal_callback: signal[1] callback is null.
[2016-08-22 17:56:55 *12636.0]	WARN	swSignal_callback: signal[1] callback is null.
[2016-08-22 19:55:25 #12634.0]	NOTICE	Server is shutdown now.
